<?xml version="1.0" encoding="UTF-8"?>
<!-- Generated by org.testng.reporters.JUnitReportReporter -->
<testsuite skipped="0" hostname="Chandrasai-PC" name="UserActions.TransferMoney" tests="1" failures="0" timestamp="16 Aug 2020 15:59:29 GMT" time="35.577" errors="0">
  <testcase name="TransferMoney" time="35.577" classname="UserActions.TransferMoney"/>
</testsuite> <!-- UserActions.TransferMoney -->
