<?xml version="1.0" encoding="UTF-8"?>
<!-- Generated by org.testng.reporters.JUnitReportReporter -->
<testsuite skipped="0" hostname="NagarajPersonalLaptop" name="UserActions.EditProfile" tests="1" failures="0" timestamp="2020-08-17T19:29:03 IST" time="23.653" errors="0">
  <testcase name="EditPorfile" time="23.653" classname="UserActions.EditProfile"/>
  <system-out/>
</testsuite> <!-- UserActions.EditProfile -->
