<?xml version="1.0" encoding="UTF-8"?>
<!-- Generated by org.testng.reporters.JUnitReportReporter -->
<testsuite skipped="0" hostname="NagarajPersonalLaptop" name="firsttestngpackage.Trial" tests="6" failures="0" timestamp="2020-08-15T21:21:33 IST" time="3.953" errors="0">
  <testcase name="login_Pass" time="0.949" classname="firsttestngpackage.Trial"/>
  <system-out/>
  <testcase name="useraccount_roles" time="0.734" classname="firsttestngpackage.Trial"/>
  <system-out/>
  <testcase name="useraccount_login_enabling" time="0.539" classname="firsttestngpackage.Trial"/>
  <system-out/>
  <testcase name="checkbookRequests" time="0.567" classname="firsttestngpackage.Trial"/>
  <system-out/>
  <testcase name="authorization" time="0.906" classname="firsttestngpackage.Trial"/>
  <system-out/>
  <testcase name="logout" time="0.258" classname="firsttestngpackage.Trial"/>
  <system-out/>
</testsuite> <!-- firsttestngpackage.Trial -->
