<?xml version="1.0" encoding="UTF-8"?>
<!-- Generated by org.testng.reporters.JUnitReportReporter -->
<testsuite skipped="0" hostname="NagarajPersonalLaptop" name="UserActions.ChequeBookRequest" tests="1" failures="0" timestamp="2020-08-17T13:24:03 IST" time="34.305" errors="0">
  <testcase name="chequeBookRequest" time="34.305" classname="UserActions.ChequeBookRequest"/>
  <system-out/>
</testsuite> <!-- UserActions.ChequeBookRequest -->
