<?xml version="1.0" encoding="UTF-8"?>
<!-- Generated by org.testng.reporters.JUnitReportReporter -->
<testsuite skipped="0" hostname="Chandrasai-PC" name="Authentication.Login" tests="1" failures="0" timestamp="16 Aug 2020 14:43:35 GMT" time="0.013" errors="0">
  <testcase name="f" time="0.013" classname="Authentication.Login"/>
</testsuite> <!-- Authentication.Login -->
