<?xml version="1.0" encoding="UTF-8"?>
<!-- Generated by org.testng.reporters.JUnitReportReporter -->
<testsuite skipped="0" hostname="NagarajPersonalLaptop" name="UserActions.TransferHistory" tests="1" failures="0" timestamp="2020-08-17T13:43:43 IST" time="19.257" errors="0">
  <testcase name="TransactionHistory" time="19.257" classname="UserActions.TransferHistory"/>
  <system-out/>
</testsuite> <!-- UserActions.TransferHistory -->
